2024-05-14 09:18:46,697 DEBUG    root            Loaded Command Group: ['gcloud', 'components']
2024-05-14 09:18:46,699 DEBUG    root            Loaded Command Group: ['gcloud', 'components', 'update']
2024-05-14 09:18:46,703 DEBUG    root            Running [gcloud.components.update] with arguments: [--quiet: "True", COMPONENT-IDS:8: "['gcloud', 'core', 'bq', 'gsutil', 'compute', 'preview', 'alpha', 'beta']"]
2024-05-14 09:18:46,704 INFO     ___FILE_ONLY___ Beginning update. This process may take several minutes.

2024-05-14 09:18:46,711 DEBUG    urllib3.connectionpool Starting new HTTPS connection (1): dl.google.com:443
2024-05-14 09:18:46,776 DEBUG    urllib3.connectionpool https://dl.google.com:443 "GET /dl/cloudsdk/channels/rapid/components-2.json HTTP/1.1" 200 222652
2024-05-14 09:18:46,797 WARNING  root            Component [preview] no longer exists.
2024-05-14 09:18:46,797 WARNING  root            Component [compute] no longer exists.
2024-05-14 09:18:46,799 INFO     ___FILE_ONLY___ 

2024-05-14 09:18:46,799 INFO     ___FILE_ONLY___ 
Your current Google Cloud CLI version is: 475.0.0

2024-05-14 09:18:46,799 INFO     ___FILE_ONLY___ Installing components from version: 475.0.0

2024-05-14 09:18:46,799 INFO     ___FILE_ONLY___ 

2024-05-14 09:18:46,799 DEBUG    root            Chosen display Format:table[box,title="These components will be removed."](details.display_name:label=Name:align=left,version.version_string:label=Version:align=right,data.size.size(zero="",min=1048576):label=Size:align=right)
2024-05-14 09:18:46,800 DEBUG    root            Chosen display Format:table[box,title="These components will be updated."](details.display_name:label=Name:align=left,version.version_string:label=Version:align=right,data.size.size(zero="",min=1048576):label=Size:align=right)
2024-05-14 09:18:46,801 DEBUG    root            Chosen display Format:table[box,title="These components will be installed."](details.display_name:label=Name:align=left,version.version_string:label=Version:align=right,data.size.size(zero="",min=1048576):label=Size:align=right)
2024-05-14 09:18:46,843 INFO     ___FILE_ONLY___ ┌──────────────────────────────────────────────┐
2024-05-14 09:18:46,844 INFO     ___FILE_ONLY___ 

2024-05-14 09:18:46,844 INFO     ___FILE_ONLY___ │     These components will be installed.      │
2024-05-14 09:18:46,844 INFO     ___FILE_ONLY___ 

2024-05-14 09:18:46,844 INFO     ___FILE_ONLY___ ├───────────────────────┬────────────┬─────────┤
2024-05-14 09:18:46,844 INFO     ___FILE_ONLY___ 

2024-05-14 09:18:46,844 INFO     ___FILE_ONLY___ │          Name         │  Version   │   Size  │
2024-05-14 09:18:46,844 INFO     ___FILE_ONLY___ 

2024-05-14 09:18:46,844 INFO     ___FILE_ONLY___ ├───────────────────────┼────────────┼─────────┤
2024-05-14 09:18:46,844 INFO     ___FILE_ONLY___ 

2024-05-14 09:18:46,844 INFO     ___FILE_ONLY___ │ 
2024-05-14 09:18:46,844 INFO     ___FILE_ONLY___ gcloud Alpha Commands
2024-05-14 09:18:46,844 INFO     ___FILE_ONLY___  
2024-05-14 09:18:46,845 INFO     ___FILE_ONLY___ │ 
2024-05-14 09:18:46,845 INFO     ___FILE_ONLY___ 2024.05.03
2024-05-14 09:18:46,845 INFO     ___FILE_ONLY___  
2024-05-14 09:18:46,845 INFO     ___FILE_ONLY___ │ 
2024-05-14 09:18:46,845 INFO     ___FILE_ONLY___ < 1 MiB
2024-05-14 09:18:46,845 INFO     ___FILE_ONLY___  
2024-05-14 09:18:46,845 INFO     ___FILE_ONLY___ │
2024-05-14 09:18:46,845 INFO     ___FILE_ONLY___ 

2024-05-14 09:18:46,845 INFO     ___FILE_ONLY___ │ 
2024-05-14 09:18:46,845 INFO     ___FILE_ONLY___ gcloud Beta Commands 
2024-05-14 09:18:46,845 INFO     ___FILE_ONLY___  
2024-05-14 09:18:46,845 INFO     ___FILE_ONLY___ │ 
2024-05-14 09:18:46,845 INFO     ___FILE_ONLY___ 2024.05.03
2024-05-14 09:18:46,845 INFO     ___FILE_ONLY___  
2024-05-14 09:18:46,846 INFO     ___FILE_ONLY___ │ 
2024-05-14 09:18:46,846 INFO     ___FILE_ONLY___ < 1 MiB
2024-05-14 09:18:46,846 INFO     ___FILE_ONLY___  
2024-05-14 09:18:46,846 INFO     ___FILE_ONLY___ │
2024-05-14 09:18:46,846 INFO     ___FILE_ONLY___ 

2024-05-14 09:18:46,846 INFO     ___FILE_ONLY___ └───────────────────────┴────────────┴─────────┘
2024-05-14 09:18:46,846 INFO     ___FILE_ONLY___ 

2024-05-14 09:18:46,846 INFO     ___FILE_ONLY___ 

2024-05-14 09:18:46,851 DEBUG    urllib3.connectionpool Starting new HTTPS connection (1): dl.google.com:443
2024-05-14 09:18:46,916 DEBUG    urllib3.connectionpool https://dl.google.com:443 "GET /dl/cloudsdk/channels/rapid/RELEASE_NOTES HTTP/1.1" 200 1203742
2024-05-14 09:18:46,996 INFO     ___FILE_ONLY___ For the latest full release notes, please visit:
  https://cloud.google.com/sdk/release_notes


2024-05-14 09:18:46,998 INFO     ___FILE_ONLY___ ╔════════════════════════════════════════════════════════════╗

2024-05-14 09:18:46,999 INFO     ___FILE_ONLY___ ╠═ Creating update staging area                             ═╣

2024-05-14 09:18:46,999 INFO     ___FILE_ONLY___ ╚
2024-05-14 09:18:46,999 INFO     ___FILE_ONLY___ ══════
2024-05-14 09:18:47,739 INFO     ___FILE_ONLY___ ══════
2024-05-14 09:18:47,740 INFO     ___FILE_ONLY___ ══════
2024-05-14 09:18:48,154 INFO     ___FILE_ONLY___ ═
2024-05-14 09:18:48,210 INFO     ___FILE_ONLY___ ═
2024-05-14 09:18:48,254 INFO     ___FILE_ONLY___ ═
2024-05-14 09:18:48,296 INFO     ___FILE_ONLY___ ═
2024-05-14 09:18:48,342 INFO     ___FILE_ONLY___ ═
2024-05-14 09:18:48,391 INFO     ___FILE_ONLY___ ═
2024-05-14 09:18:48,436 INFO     ___FILE_ONLY___ ═
2024-05-14 09:18:48,506 INFO     ___FILE_ONLY___ ═
2024-05-14 09:18:48,692 INFO     ___FILE_ONLY___ ═
2024-05-14 09:18:48,787 INFO     ___FILE_ONLY___ ═
2024-05-14 09:18:48,918 INFO     ___FILE_ONLY___ ═
2024-05-14 09:18:49,093 INFO     ___FILE_ONLY___ ═
2024-05-14 09:18:49,357 INFO     ___FILE_ONLY___ ═
2024-05-14 09:18:49,446 INFO     ___FILE_ONLY___ ═
2024-05-14 09:18:49,534 INFO     ___FILE_ONLY___ ═
2024-05-14 09:18:49,607 INFO     ___FILE_ONLY___ ═
2024-05-14 09:18:49,816 INFO     ___FILE_ONLY___ ═
2024-05-14 09:18:49,885 INFO     ___FILE_ONLY___ ═
2024-05-14 09:18:49,955 INFO     ___FILE_ONLY___ ═
2024-05-14 09:18:50,020 INFO     ___FILE_ONLY___ ═
2024-05-14 09:18:50,092 INFO     ___FILE_ONLY___ ═
2024-05-14 09:18:50,155 INFO     ___FILE_ONLY___ ═
2024-05-14 09:18:50,223 INFO     ___FILE_ONLY___ ═
2024-05-14 09:18:50,291 INFO     ___FILE_ONLY___ ═
2024-05-14 09:18:50,365 INFO     ___FILE_ONLY___ ═
2024-05-14 09:18:50,429 INFO     ___FILE_ONLY___ ═
2024-05-14 09:18:50,493 INFO     ___FILE_ONLY___ ═
2024-05-14 09:18:50,583 INFO     ___FILE_ONLY___ ═
2024-05-14 09:18:50,663 INFO     ___FILE_ONLY___ ═
2024-05-14 09:18:50,758 INFO     ___FILE_ONLY___ ═
2024-05-14 09:18:50,852 INFO     ___FILE_ONLY___ ═
2024-05-14 09:18:50,915 INFO     ___FILE_ONLY___ ═
2024-05-14 09:18:50,994 INFO     ___FILE_ONLY___ ═
2024-05-14 09:18:51,073 INFO     ___FILE_ONLY___ ═
2024-05-14 09:18:51,146 INFO     ___FILE_ONLY___ ═
2024-05-14 09:18:51,212 INFO     ___FILE_ONLY___ ═
2024-05-14 09:18:51,288 INFO     ___FILE_ONLY___ ═
2024-05-14 09:18:51,393 INFO     ___FILE_ONLY___ ═
2024-05-14 09:18:51,470 INFO     ___FILE_ONLY___ ═
2024-05-14 09:18:51,544 INFO     ___FILE_ONLY___ ═
2024-05-14 09:18:51,622 INFO     ___FILE_ONLY___ ═
2024-05-14 09:18:51,691 INFO     ___FILE_ONLY___ ═
2024-05-14 09:18:51,691 INFO     ___FILE_ONLY___ ╝

2024-05-14 09:18:55,367 INFO     ___FILE_ONLY___ ╔════════════════════════════════════════════════════════════╗

2024-05-14 09:18:55,367 INFO     ___FILE_ONLY___ ╠═ Installing: gcloud Alpha Commands                        ═╣

2024-05-14 09:18:55,367 INFO     ___FILE_ONLY___ ╚
2024-05-14 09:18:55,372 DEBUG    urllib3.connectionpool Starting new HTTPS connection (1): dl.google.com:443
2024-05-14 09:18:55,437 DEBUG    urllib3.connectionpool https://dl.google.com:443 "GET /dl/cloudsdk/channels/rapid/components/google-cloud-sdk-alpha-20240503145345.tar.gz HTTP/1.1" 200 800
2024-05-14 09:18:55,438 INFO     ___FILE_ONLY___ ══════════════════════════════
2024-05-14 09:18:55,439 INFO     ___FILE_ONLY___ ══════════════════════════════
2024-05-14 09:18:55,439 INFO     ___FILE_ONLY___ ╝

2024-05-14 09:18:55,449 INFO     ___FILE_ONLY___ ╔════════════════════════════════════════════════════════════╗

2024-05-14 09:18:55,449 INFO     ___FILE_ONLY___ ╠═ Installing: gcloud Beta Commands                         ═╣

2024-05-14 09:18:55,449 INFO     ___FILE_ONLY___ ╚
2024-05-14 09:18:55,453 DEBUG    urllib3.connectionpool Starting new HTTPS connection (1): dl.google.com:443
2024-05-14 09:18:55,518 DEBUG    urllib3.connectionpool https://dl.google.com:443 "GET /dl/cloudsdk/channels/rapid/components/google-cloud-sdk-beta-20240503145345.tar.gz HTTP/1.1" 200 797
2024-05-14 09:18:55,518 INFO     ___FILE_ONLY___ ══════════════════════════════
2024-05-14 09:18:55,519 INFO     ___FILE_ONLY___ ══════════════════════════════
2024-05-14 09:18:55,520 INFO     ___FILE_ONLY___ ╝

2024-05-14 09:18:55,531 INFO     ___FILE_ONLY___ ╔════════════════════════════════════════════════════════════╗

2024-05-14 09:18:55,531 INFO     ___FILE_ONLY___ ╠═ Creating backup and activating new installation          ═╣

2024-05-14 09:18:55,531 INFO     ___FILE_ONLY___ ╚
2024-05-14 09:18:55,531 DEBUG    root            Attempting to move directory [/tools/google-cloud-sdk] to [/tools/google-cloud-sdk.staging/.install/.backup]
2024-05-14 09:18:55,531 INFO     ___FILE_ONLY___ ══════════════════════════════
2024-05-14 09:18:55,531 DEBUG    root            Attempting to move directory [/tools/google-cloud-sdk.staging] to [/tools/google-cloud-sdk]
2024-05-14 09:18:55,532 INFO     ___FILE_ONLY___ ══════════════════════════════
2024-05-14 09:18:55,532 INFO     ___FILE_ONLY___ ╝

2024-05-14 09:18:55,536 DEBUG    root            Updating notification cache...
2024-05-14 09:18:55,537 INFO     ___FILE_ONLY___ 

2024-05-14 09:18:55,539 INFO     ___FILE_ONLY___ Performing post processing steps...
2024-05-14 09:18:55,539 DEBUG    root            Executing command: ['/tools/google-cloud-sdk/bin/gcloud', 'components', 'post-process']
2024-05-14 09:19:06,709 DEBUG    ___FILE_ONLY___ 
2024-05-14 09:19:06,709 DEBUG    ___FILE_ONLY___ 
2024-05-14 09:19:06,806 INFO     ___FILE_ONLY___ 
Update done!


2024-05-14 09:19:06,809 DEBUG    root            Chosen display Format:none
2024-05-14 09:19:06,810 INFO     root            Display format: "none"
