2024-05-14 09:18:23,139 DEBUG    root            Loaded Command Group: ['gcloud', 'components']
2024-05-14 09:18:23,143 DEBUG    root            Loaded Command Group: ['gcloud', 'components', 'update']
2024-05-14 09:18:23,145 DEBUG    root            Running [gcloud.components.update] with arguments: [--allow-no-backup: "True", --compile-python: "True", --quiet: "True", COMPONENT-IDS:6: "['core', 'gcloud-deps', 'bq', 'gcloud', 'gcloud-crc32c', 'gsutil']"]
2024-05-14 09:18:23,146 INFO     ___FILE_ONLY___ Beginning update. This process may take several minutes.

2024-05-14 09:18:23,171 DEBUG    urllib3.connectionpool Starting new HTTPS connection (1): dl.google.com:443
2024-05-14 09:18:23,234 DEBUG    urllib3.connectionpool https://dl.google.com:443 "GET /dl/cloudsdk/channels/rapid/components-2.json HTTP/1.1" 200 222652
2024-05-14 09:18:23,255 INFO     ___FILE_ONLY___ 

2024-05-14 09:18:23,256 INFO     ___FILE_ONLY___ 
Your current Google Cloud CLI version is: 475.0.0

2024-05-14 09:18:23,256 INFO     ___FILE_ONLY___ Installing components from version: 475.0.0

2024-05-14 09:18:23,256 INFO     ___FILE_ONLY___ 

2024-05-14 09:18:23,256 DEBUG    root            Chosen display Format:table[box,title="These components will be removed."](details.display_name:label=Name:align=left,version.version_string:label=Version:align=right,data.size.size(zero="",min=1048576):label=Size:align=right)
2024-05-14 09:18:23,257 DEBUG    root            Chosen display Format:table[box,title="These components will be updated."](details.display_name:label=Name:align=left,version.version_string:label=Version:align=right,data.size.size(zero="",min=1048576):label=Size:align=right)
2024-05-14 09:18:23,258 DEBUG    root            Chosen display Format:table[box,title="These components will be installed."](details.display_name:label=Name:align=left,version.version_string:label=Version:align=right,data.size.size(zero="",min=1048576):label=Size:align=right)
2024-05-14 09:18:23,392 INFO     ___FILE_ONLY___ ┌─────────────────────────────────────────────────────────────────────────────┐
2024-05-14 09:18:23,392 INFO     ___FILE_ONLY___ 

2024-05-14 09:18:23,392 INFO     ___FILE_ONLY___ │                     These components will be installed.                     │
2024-05-14 09:18:23,392 INFO     ___FILE_ONLY___ 

2024-05-14 09:18:23,392 INFO     ___FILE_ONLY___ ├─────────────────────────────────────────────────────┬────────────┬──────────┤
2024-05-14 09:18:23,392 INFO     ___FILE_ONLY___ 

2024-05-14 09:18:23,392 INFO     ___FILE_ONLY___ │                         Name                        │  Version   │   Size   │
2024-05-14 09:18:23,393 INFO     ___FILE_ONLY___ 

2024-05-14 09:18:23,393 INFO     ___FILE_ONLY___ ├─────────────────────────────────────────────────────┼────────────┼──────────┤
2024-05-14 09:18:23,393 INFO     ___FILE_ONLY___ 

2024-05-14 09:18:23,393 INFO     ___FILE_ONLY___ │ 
2024-05-14 09:18:23,393 INFO     ___FILE_ONLY___ BigQuery Command Line Tool                         
2024-05-14 09:18:23,393 INFO     ___FILE_ONLY___  
2024-05-14 09:18:23,393 INFO     ___FILE_ONLY___ │ 
2024-05-14 09:18:23,393 INFO     ___FILE_ONLY___      2.1.4
2024-05-14 09:18:23,394 INFO     ___FILE_ONLY___  
2024-05-14 09:18:23,394 INFO     ___FILE_ONLY___ │ 
2024-05-14 09:18:23,394 INFO     ___FILE_ONLY___  1.7 MiB
2024-05-14 09:18:23,394 INFO     ___FILE_ONLY___  
2024-05-14 09:18:23,394 INFO     ___FILE_ONLY___ │
2024-05-14 09:18:23,394 INFO     ___FILE_ONLY___ 

2024-05-14 09:18:23,394 INFO     ___FILE_ONLY___ │ 
2024-05-14 09:18:23,394 INFO     ___FILE_ONLY___ BigQuery Command Line Tool (Platform Specific)     
2024-05-14 09:18:23,394 INFO     ___FILE_ONLY___  
2024-05-14 09:18:23,395 INFO     ___FILE_ONLY___ │ 
2024-05-14 09:18:23,395 INFO     ___FILE_ONLY___    2.0.101
2024-05-14 09:18:23,395 INFO     ___FILE_ONLY___  
2024-05-14 09:18:23,395 INFO     ___FILE_ONLY___ │ 
2024-05-14 09:18:23,395 INFO     ___FILE_ONLY___  < 1 MiB
2024-05-14 09:18:23,395 INFO     ___FILE_ONLY___  
2024-05-14 09:18:23,395 INFO     ___FILE_ONLY___ │
2024-05-14 09:18:23,395 INFO     ___FILE_ONLY___ 

2024-05-14 09:18:23,395 INFO     ___FILE_ONLY___ │ 
2024-05-14 09:18:23,396 INFO     ___FILE_ONLY___ Bundled Python 3.11                                
2024-05-14 09:18:23,396 INFO     ___FILE_ONLY___  
2024-05-14 09:18:23,396 INFO     ___FILE_ONLY___ │ 
2024-05-14 09:18:23,396 INFO     ___FILE_ONLY___     3.11.8
2024-05-14 09:18:23,396 INFO     ___FILE_ONLY___  
2024-05-14 09:18:23,396 INFO     ___FILE_ONLY___ │ 
2024-05-14 09:18:23,396 INFO     ___FILE_ONLY___ 74.9 MiB
2024-05-14 09:18:23,396 INFO     ___FILE_ONLY___  
2024-05-14 09:18:23,396 INFO     ___FILE_ONLY___ │
2024-05-14 09:18:23,397 INFO     ___FILE_ONLY___ 

2024-05-14 09:18:23,397 INFO     ___FILE_ONLY___ │ 
2024-05-14 09:18:23,397 INFO     ___FILE_ONLY___ Cloud Storage Command Line Tool                    
2024-05-14 09:18:23,397 INFO     ___FILE_ONLY___  
2024-05-14 09:18:23,397 INFO     ___FILE_ONLY___ │ 
2024-05-14 09:18:23,397 INFO     ___FILE_ONLY___       5.27
2024-05-14 09:18:23,397 INFO     ___FILE_ONLY___  
2024-05-14 09:18:23,397 INFO     ___FILE_ONLY___ │ 
2024-05-14 09:18:23,397 INFO     ___FILE_ONLY___ 11.3 MiB
2024-05-14 09:18:23,398 INFO     ___FILE_ONLY___  
2024-05-14 09:18:23,398 INFO     ___FILE_ONLY___ │
2024-05-14 09:18:23,398 INFO     ___FILE_ONLY___ 

2024-05-14 09:18:23,398 INFO     ___FILE_ONLY___ │ 
2024-05-14 09:18:23,398 INFO     ___FILE_ONLY___ Cloud Storage Command Line Tool (Platform Specific)
2024-05-14 09:18:23,398 INFO     ___FILE_ONLY___  
2024-05-14 09:18:23,398 INFO     ___FILE_ONLY___ │ 
2024-05-14 09:18:23,398 INFO     ___FILE_ONLY___       5.27
2024-05-14 09:18:23,399 INFO     ___FILE_ONLY___  
2024-05-14 09:18:23,399 INFO     ___FILE_ONLY___ │ 
2024-05-14 09:18:23,399 INFO     ___FILE_ONLY___  < 1 MiB
2024-05-14 09:18:23,399 INFO     ___FILE_ONLY___  
2024-05-14 09:18:23,399 INFO     ___FILE_ONLY___ │
2024-05-14 09:18:23,399 INFO     ___FILE_ONLY___ 

2024-05-14 09:18:23,399 INFO     ___FILE_ONLY___ │ 
2024-05-14 09:18:23,399 INFO     ___FILE_ONLY___ Google Cloud CLI Core Libraries (Platform Specific)
2024-05-14 09:18:23,399 INFO     ___FILE_ONLY___  
2024-05-14 09:18:23,399 INFO     ___FILE_ONLY___ │ 
2024-05-14 09:18:23,399 INFO     ___FILE_ONLY___ 2024.01.06
2024-05-14 09:18:23,400 INFO     ___FILE_ONLY___  
2024-05-14 09:18:23,400 INFO     ___FILE_ONLY___ │ 
2024-05-14 09:18:23,400 INFO     ___FILE_ONLY___  < 1 MiB
2024-05-14 09:18:23,400 INFO     ___FILE_ONLY___  
2024-05-14 09:18:23,400 INFO     ___FILE_ONLY___ │
2024-05-14 09:18:23,400 INFO     ___FILE_ONLY___ 

2024-05-14 09:18:23,400 INFO     ___FILE_ONLY___ │ 
2024-05-14 09:18:23,400 INFO     ___FILE_ONLY___ Google Cloud CRC32C Hash Tool                      
2024-05-14 09:18:23,401 INFO     ___FILE_ONLY___  
2024-05-14 09:18:23,401 INFO     ___FILE_ONLY___ │ 
2024-05-14 09:18:23,401 INFO     ___FILE_ONLY___      1.0.0
2024-05-14 09:18:23,401 INFO     ___FILE_ONLY___  
2024-05-14 09:18:23,401 INFO     ___FILE_ONLY___ │ 
2024-05-14 09:18:23,401 INFO     ___FILE_ONLY___  1.2 MiB
2024-05-14 09:18:23,401 INFO     ___FILE_ONLY___  
2024-05-14 09:18:23,401 INFO     ___FILE_ONLY___ │
2024-05-14 09:18:23,401 INFO     ___FILE_ONLY___ 

2024-05-14 09:18:23,401 INFO     ___FILE_ONLY___ │ 
2024-05-14 09:18:23,402 INFO     ___FILE_ONLY___ gcloud cli dependencies                            
2024-05-14 09:18:23,402 INFO     ___FILE_ONLY___  
2024-05-14 09:18:23,402 INFO     ___FILE_ONLY___ │ 
2024-05-14 09:18:23,402 INFO     ___FILE_ONLY___ 2021.04.16
2024-05-14 09:18:23,402 INFO     ___FILE_ONLY___  
2024-05-14 09:18:23,402 INFO     ___FILE_ONLY___ │ 
2024-05-14 09:18:23,402 INFO     ___FILE_ONLY___  < 1 MiB
2024-05-14 09:18:23,402 INFO     ___FILE_ONLY___  
2024-05-14 09:18:23,402 INFO     ___FILE_ONLY___ │
2024-05-14 09:18:23,402 INFO     ___FILE_ONLY___ 

2024-05-14 09:18:23,403 INFO     ___FILE_ONLY___ └─────────────────────────────────────────────────────┴────────────┴──────────┘
2024-05-14 09:18:23,403 INFO     ___FILE_ONLY___ 

2024-05-14 09:18:23,403 INFO     ___FILE_ONLY___ 

2024-05-14 09:18:23,407 DEBUG    urllib3.connectionpool Starting new HTTPS connection (1): dl.google.com:443
2024-05-14 09:18:23,473 DEBUG    urllib3.connectionpool https://dl.google.com:443 "GET /dl/cloudsdk/channels/rapid/RELEASE_NOTES HTTP/1.1" 200 1203742
2024-05-14 09:18:23,549 INFO     ___FILE_ONLY___ For the latest full release notes, please visit:
  https://cloud.google.com/sdk/release_notes


2024-05-14 09:18:23,552 INFO     ___FILE_ONLY___ ╔════════════════════════════════════════════════════════════╗

2024-05-14 09:18:23,552 INFO     ___FILE_ONLY___ ╠═ Creating update staging area                             ═╣

2024-05-14 09:18:23,552 INFO     ___FILE_ONLY___ ╚
2024-05-14 09:18:23,552 INFO     ___FILE_ONLY___ ══════
2024-05-14 09:18:23,552 INFO     ___FILE_ONLY___ ══════
2024-05-14 09:18:23,552 INFO     ___FILE_ONLY___ ══════
2024-05-14 09:18:23,824 INFO     ___FILE_ONLY___ ═
2024-05-14 09:18:23,872 INFO     ___FILE_ONLY___ ═
2024-05-14 09:18:23,911 INFO     ___FILE_ONLY___ ═
2024-05-14 09:18:23,946 INFO     ___FILE_ONLY___ ═
2024-05-14 09:18:23,984 INFO     ___FILE_ONLY___ ═
2024-05-14 09:18:24,022 INFO     ___FILE_ONLY___ ═
2024-05-14 09:18:24,065 INFO     ___FILE_ONLY___ ═
2024-05-14 09:18:24,105 INFO     ___FILE_ONLY___ ═
2024-05-14 09:18:24,150 INFO     ___FILE_ONLY___ ═
2024-05-14 09:18:24,298 INFO     ___FILE_ONLY___ ═
2024-05-14 09:18:24,381 INFO     ___FILE_ONLY___ ═
2024-05-14 09:18:24,527 INFO     ___FILE_ONLY___ ═
2024-05-14 09:18:24,693 INFO     ___FILE_ONLY___ ═
2024-05-14 09:18:24,755 INFO     ___FILE_ONLY___ ═
2024-05-14 09:18:24,831 INFO     ___FILE_ONLY___ ═
2024-05-14 09:18:24,903 INFO     ___FILE_ONLY___ ═
2024-05-14 09:18:24,964 INFO     ___FILE_ONLY___ ═
2024-05-14 09:18:25,027 INFO     ___FILE_ONLY___ ═
2024-05-14 09:18:25,089 INFO     ___FILE_ONLY___ ═
2024-05-14 09:18:25,155 INFO     ___FILE_ONLY___ ═
2024-05-14 09:18:25,226 INFO     ___FILE_ONLY___ ═
2024-05-14 09:18:25,285 INFO     ___FILE_ONLY___ ═
2024-05-14 09:18:25,364 INFO     ___FILE_ONLY___ ═
2024-05-14 09:18:25,450 INFO     ___FILE_ONLY___ ═
2024-05-14 09:18:25,525 INFO     ___FILE_ONLY___ ═
2024-05-14 09:18:25,605 INFO     ___FILE_ONLY___ ═
2024-05-14 09:18:25,665 INFO     ___FILE_ONLY___ ═
2024-05-14 09:18:25,733 INFO     ___FILE_ONLY___ ═
2024-05-14 09:18:25,794 INFO     ___FILE_ONLY___ ═
2024-05-14 09:18:25,859 INFO     ___FILE_ONLY___ ═
2024-05-14 09:18:25,910 INFO     ___FILE_ONLY___ ═
2024-05-14 09:18:25,965 INFO     ___FILE_ONLY___ ═
2024-05-14 09:18:26,018 INFO     ___FILE_ONLY___ ═
2024-05-14 09:18:26,076 INFO     ___FILE_ONLY___ ═
2024-05-14 09:18:26,149 INFO     ___FILE_ONLY___ ═
2024-05-14 09:18:26,202 INFO     ___FILE_ONLY___ ═
2024-05-14 09:18:26,273 INFO     ___FILE_ONLY___ ═
2024-05-14 09:18:26,344 INFO     ___FILE_ONLY___ ═
2024-05-14 09:18:26,409 INFO     ___FILE_ONLY___ ═
2024-05-14 09:18:26,457 INFO     ___FILE_ONLY___ ═
2024-05-14 09:18:26,522 INFO     ___FILE_ONLY___ ═
2024-05-14 09:18:26,584 INFO     ___FILE_ONLY___ ═
2024-05-14 09:18:26,585 INFO     ___FILE_ONLY___ ╝

2024-05-14 09:18:26,764 INFO     ___FILE_ONLY___ ╔════════════════════════════════════════════════════════════╗

2024-05-14 09:18:26,764 INFO     ___FILE_ONLY___ ╠═ Installing: BigQuery Command Line Tool                   ═╣

2024-05-14 09:18:26,764 INFO     ___FILE_ONLY___ ╚
2024-05-14 09:18:26,768 DEBUG    urllib3.connectionpool Starting new HTTPS connection (1): dl.google.com:443
2024-05-14 09:18:26,833 DEBUG    urllib3.connectionpool https://dl.google.com:443 "GET /dl/cloudsdk/channels/rapid/components/google-cloud-sdk-bq-20240412130805.tar.gz HTTP/1.1" 200 1746678
2024-05-14 09:18:26,844 INFO     ___FILE_ONLY___ ═
2024-05-14 09:18:26,845 INFO     ___FILE_ONLY___ ═
2024-05-14 09:18:26,845 INFO     ___FILE_ONLY___ ═
2024-05-14 09:18:26,845 INFO     ___FILE_ONLY___ ═
2024-05-14 09:18:26,845 INFO     ___FILE_ONLY___ ═
2024-05-14 09:18:26,845 INFO     ___FILE_ONLY___ ═
2024-05-14 09:18:26,845 INFO     ___FILE_ONLY___ ═
2024-05-14 09:18:26,846 INFO     ___FILE_ONLY___ ═
2024-05-14 09:18:26,846 INFO     ___FILE_ONLY___ ═
2024-05-14 09:18:26,846 INFO     ___FILE_ONLY___ ═
2024-05-14 09:18:26,846 INFO     ___FILE_ONLY___ ═
2024-05-14 09:18:26,846 INFO     ___FILE_ONLY___ ═
2024-05-14 09:18:26,846 INFO     ___FILE_ONLY___ ═
2024-05-14 09:18:26,846 INFO     ___FILE_ONLY___ ═
2024-05-14 09:18:26,847 INFO     ___FILE_ONLY___ ═
2024-05-14 09:18:26,847 INFO     ___FILE_ONLY___ ═
2024-05-14 09:18:26,847 INFO     ___FILE_ONLY___ ═
2024-05-14 09:18:26,847 INFO     ___FILE_ONLY___ ═
2024-05-14 09:18:26,847 INFO     ___FILE_ONLY___ ═
2024-05-14 09:18:26,847 INFO     ___FILE_ONLY___ ═
2024-05-14 09:18:26,848 INFO     ___FILE_ONLY___ ═
2024-05-14 09:18:26,848 INFO     ___FILE_ONLY___ ═
2024-05-14 09:18:26,848 INFO     ___FILE_ONLY___ ═
2024-05-14 09:18:26,848 INFO     ___FILE_ONLY___ ═
2024-05-14 09:18:26,848 INFO     ___FILE_ONLY___ ═
2024-05-14 09:18:26,848 INFO     ___FILE_ONLY___ ═
2024-05-14 09:18:26,848 INFO     ___FILE_ONLY___ ═
2024-05-14 09:18:26,849 INFO     ___FILE_ONLY___ ═
2024-05-14 09:18:26,849 INFO     ___FILE_ONLY___ ═
2024-05-14 09:18:26,849 INFO     ___FILE_ONLY___ ═
2024-05-14 09:18:27,007 INFO     ___FILE_ONLY___ ═
2024-05-14 09:18:27,012 INFO     ___FILE_ONLY___ ═
2024-05-14 09:18:27,017 INFO     ___FILE_ONLY___ ═
2024-05-14 09:18:27,022 INFO     ___FILE_ONLY___ ═
2024-05-14 09:18:27,026 INFO     ___FILE_ONLY___ ═
2024-05-14 09:18:27,031 INFO     ___FILE_ONLY___ ═
2024-05-14 09:18:27,035 INFO     ___FILE_ONLY___ ═
2024-05-14 09:18:27,040 INFO     ___FILE_ONLY___ ═
2024-05-14 09:18:27,045 INFO     ___FILE_ONLY___ ═
2024-05-14 09:18:27,050 INFO     ___FILE_ONLY___ ═
2024-05-14 09:18:27,054 INFO     ___FILE_ONLY___ ═
2024-05-14 09:18:27,058 INFO     ___FILE_ONLY___ ═
2024-05-14 09:18:27,063 INFO     ___FILE_ONLY___ ═
2024-05-14 09:18:27,069 INFO     ___FILE_ONLY___ ═
2024-05-14 09:18:27,074 INFO     ___FILE_ONLY___ ═
2024-05-14 09:18:27,078 INFO     ___FILE_ONLY___ ═
2024-05-14 09:18:27,084 INFO     ___FILE_ONLY___ ═
2024-05-14 09:18:27,088 INFO     ___FILE_ONLY___ ═
2024-05-14 09:18:27,095 INFO     ___FILE_ONLY___ ═
2024-05-14 09:18:27,100 INFO     ___FILE_ONLY___ ═
2024-05-14 09:18:27,107 INFO     ___FILE_ONLY___ ═
2024-05-14 09:18:27,113 INFO     ___FILE_ONLY___ ═
2024-05-14 09:18:27,118 INFO     ___FILE_ONLY___ ═
2024-05-14 09:18:27,123 INFO     ___FILE_ONLY___ ═
2024-05-14 09:18:27,128 INFO     ___FILE_ONLY___ ═
2024-05-14 09:18:27,134 INFO     ___FILE_ONLY___ ═
2024-05-14 09:18:27,141 INFO     ___FILE_ONLY___ ═
2024-05-14 09:18:27,144 INFO     ___FILE_ONLY___ ═
2024-05-14 09:18:27,149 INFO     ___FILE_ONLY___ ═
2024-05-14 09:18:27,154 INFO     ___FILE_ONLY___ ═
2024-05-14 09:18:27,154 INFO     ___FILE_ONLY___ ╝

2024-05-14 09:18:27,173 INFO     ___FILE_ONLY___ ╔════════════════════════════════════════════════════════════╗

2024-05-14 09:18:27,173 INFO     ___FILE_ONLY___ ╠═ Installing: BigQuery Command Line Tool (Platform Spec... ═╣

2024-05-14 09:18:27,173 INFO     ___FILE_ONLY___ ╚
2024-05-14 09:18:27,177 DEBUG    urllib3.connectionpool Starting new HTTPS connection (1): dl.google.com:443
2024-05-14 09:18:27,241 DEBUG    urllib3.connectionpool https://dl.google.com:443 "GET /dl/cloudsdk/channels/rapid/components/google-cloud-sdk-bq-nix-20240106004423.tar.gz HTTP/1.1" 200 2026
2024-05-14 09:18:27,242 INFO     ___FILE_ONLY___ ══════════════════════════════
2024-05-14 09:18:27,243 INFO     ___FILE_ONLY___ ══════════════════════════════
2024-05-14 09:18:27,243 INFO     ___FILE_ONLY___ ╝

2024-05-14 09:18:27,253 INFO     ___FILE_ONLY___ ╔════════════════════════════════════════════════════════════╗

2024-05-14 09:18:27,253 INFO     ___FILE_ONLY___ ╠═ Installing: Bundled Python 3.11                          ═╣

2024-05-14 09:18:27,254 INFO     ___FILE_ONLY___ ╚
2024-05-14 09:18:27,258 DEBUG    urllib3.connectionpool Starting new HTTPS connection (1): dl.google.com:443
2024-05-14 09:18:27,320 DEBUG    urllib3.connectionpool https://dl.google.com:443 "GET /dl/cloudsdk/channels/rapid/components/google-cloud-sdk-bundled-python3-unix-linux-x86_64-20240229170130.tar.gz HTTP/1.1" 200 78486918
2024-05-14 09:18:27,634 INFO     ___FILE_ONLY___ ═
2024-05-14 09:18:27,637 INFO     ___FILE_ONLY___ ═
2024-05-14 09:18:27,641 INFO     ___FILE_ONLY___ ═
2024-05-14 09:18:27,644 INFO     ___FILE_ONLY___ ═
2024-05-14 09:18:27,648 INFO     ___FILE_ONLY___ ═
2024-05-14 09:18:27,652 INFO     ___FILE_ONLY___ ═
2024-05-14 09:18:27,655 INFO     ___FILE_ONLY___ ═
2024-05-14 09:18:27,659 INFO     ___FILE_ONLY___ ═
2024-05-14 09:18:27,662 INFO     ___FILE_ONLY___ ═
2024-05-14 09:18:27,665 INFO     ___FILE_ONLY___ ═
2024-05-14 09:18:27,669 INFO     ___FILE_ONLY___ ═
2024-05-14 09:18:27,672 INFO     ___FILE_ONLY___ ═
2024-05-14 09:18:27,676 INFO     ___FILE_ONLY___ ═
2024-05-14 09:18:27,679 INFO     ___FILE_ONLY___ ═
2024-05-14 09:18:27,683 INFO     ___FILE_ONLY___ ═
2024-05-14 09:18:27,686 INFO     ___FILE_ONLY___ ═
2024-05-14 09:18:27,689 INFO     ___FILE_ONLY___ ═
2024-05-14 09:18:27,693 INFO     ___FILE_ONLY___ ═
2024-05-14 09:18:27,696 INFO     ___FILE_ONLY___ ═
2024-05-14 09:18:27,700 INFO     ___FILE_ONLY___ ═
2024-05-14 09:18:27,703 INFO     ___FILE_ONLY___ ═
2024-05-14 09:18:27,706 INFO     ___FILE_ONLY___ ═
2024-05-14 09:18:27,710 INFO     ___FILE_ONLY___ ═
2024-05-14 09:18:27,713 INFO     ___FILE_ONLY___ ═
2024-05-14 09:18:27,716 INFO     ___FILE_ONLY___ ═
2024-05-14 09:18:27,720 INFO     ___FILE_ONLY___ ═
2024-05-14 09:18:27,723 INFO     ___FILE_ONLY___ ═
2024-05-14 09:18:27,726 INFO     ___FILE_ONLY___ ═
2024-05-14 09:18:27,730 INFO     ___FILE_ONLY___ ═
2024-05-14 09:18:27,733 INFO     ___FILE_ONLY___ ═
2024-05-14 09:18:30,094 INFO     ___FILE_ONLY___ ═
2024-05-14 09:18:30,121 INFO     ___FILE_ONLY___ ═
2024-05-14 09:18:30,150 INFO     ___FILE_ONLY___ ═
2024-05-14 09:18:30,179 INFO     ___FILE_ONLY___ ═
2024-05-14 09:18:30,215 INFO     ___FILE_ONLY___ ═
2024-05-14 09:18:30,245 INFO     ___FILE_ONLY___ ═
2024-05-14 09:18:30,272 INFO     ___FILE_ONLY___ ═
2024-05-14 09:18:30,301 INFO     ___FILE_ONLY___ ═
2024-05-14 09:18:30,329 INFO     ___FILE_ONLY___ ═
2024-05-14 09:18:30,358 INFO     ___FILE_ONLY___ ═
2024-05-14 09:18:30,386 INFO     ___FILE_ONLY___ ═
2024-05-14 09:18:30,415 INFO     ___FILE_ONLY___ ═
2024-05-14 09:18:30,442 INFO     ___FILE_ONLY___ ═
2024-05-14 09:18:30,471 INFO     ___FILE_ONLY___ ═
2024-05-14 09:18:30,501 INFO     ___FILE_ONLY___ ═
2024-05-14 09:18:30,529 INFO     ___FILE_ONLY___ ═
2024-05-14 09:18:30,559 INFO     ___FILE_ONLY___ ═
2024-05-14 09:18:30,953 INFO     ___FILE_ONLY___ ═
2024-05-14 09:18:30,991 INFO     ___FILE_ONLY___ ═
2024-05-14 09:18:31,045 INFO     ___FILE_ONLY___ ═
2024-05-14 09:18:31,086 INFO     ___FILE_ONLY___ ═
2024-05-14 09:18:31,246 INFO     ___FILE_ONLY___ ═
2024-05-14 09:18:31,393 INFO     ___FILE_ONLY___ ═
2024-05-14 09:18:31,435 INFO     ___FILE_ONLY___ ═
2024-05-14 09:18:31,477 INFO     ___FILE_ONLY___ ═
2024-05-14 09:18:31,548 INFO     ___FILE_ONLY___ ═
2024-05-14 09:18:31,587 INFO     ___FILE_ONLY___ ═
2024-05-14 09:18:31,635 INFO     ___FILE_ONLY___ ═
2024-05-14 09:18:32,786 INFO     ___FILE_ONLY___ ═
2024-05-14 09:18:32,819 INFO     ___FILE_ONLY___ ═
2024-05-14 09:18:32,820 INFO     ___FILE_ONLY___ ╝

2024-05-14 09:18:32,930 INFO     ___FILE_ONLY___ ╔════════════════════════════════════════════════════════════╗

2024-05-14 09:18:32,930 INFO     ___FILE_ONLY___ ╠═ Installing: Bundled Python 3.11                          ═╣

2024-05-14 09:18:32,930 INFO     ___FILE_ONLY___ ╚
2024-05-14 09:18:32,936 INFO     ___FILE_ONLY___ ════════════════════════════════════════════════════════════
2024-05-14 09:18:32,936 INFO     ___FILE_ONLY___ ╝

2024-05-14 09:18:32,938 INFO     ___FILE_ONLY___ ╔════════════════════════════════════════════════════════════╗

2024-05-14 09:18:32,938 INFO     ___FILE_ONLY___ ╠═ Installing: Cloud Storage Command Line Tool              ═╣

2024-05-14 09:18:32,938 INFO     ___FILE_ONLY___ ╚
2024-05-14 09:18:32,942 DEBUG    urllib3.connectionpool Starting new HTTPS connection (1): dl.google.com:443
2024-05-14 09:18:33,008 DEBUG    urllib3.connectionpool https://dl.google.com:443 "GET /dl/cloudsdk/channels/rapid/components/google-cloud-sdk-gsutil-20231025210228.tar.gz HTTP/1.1" 200 11833901
2024-05-14 09:18:33,059 INFO     ___FILE_ONLY___ ═
2024-05-14 09:18:33,059 INFO     ___FILE_ONLY___ ═
2024-05-14 09:18:33,060 INFO     ___FILE_ONLY___ ═
2024-05-14 09:18:33,061 INFO     ___FILE_ONLY___ ═
2024-05-14 09:18:33,061 INFO     ___FILE_ONLY___ ═
2024-05-14 09:18:33,062 INFO     ___FILE_ONLY___ ═
2024-05-14 09:18:33,063 INFO     ___FILE_ONLY___ ═
2024-05-14 09:18:33,063 INFO     ___FILE_ONLY___ ═
2024-05-14 09:18:33,064 INFO     ___FILE_ONLY___ ═
2024-05-14 09:18:33,064 INFO     ___FILE_ONLY___ ═
2024-05-14 09:18:33,065 INFO     ___FILE_ONLY___ ═
2024-05-14 09:18:33,066 INFO     ___FILE_ONLY___ ═
2024-05-14 09:18:33,066 INFO     ___FILE_ONLY___ ═
2024-05-14 09:18:33,067 INFO     ___FILE_ONLY___ ═
2024-05-14 09:18:33,068 INFO     ___FILE_ONLY___ ═
2024-05-14 09:18:33,068 INFO     ___FILE_ONLY___ ═
2024-05-14 09:18:33,069 INFO     ___FILE_ONLY___ ═
2024-05-14 09:18:33,070 INFO     ___FILE_ONLY___ ═
2024-05-14 09:18:33,070 INFO     ___FILE_ONLY___ ═
2024-05-14 09:18:33,071 INFO     ___FILE_ONLY___ ═
2024-05-14 09:18:33,072 INFO     ___FILE_ONLY___ ═
2024-05-14 09:18:33,072 INFO     ___FILE_ONLY___ ═
2024-05-14 09:18:33,073 INFO     ___FILE_ONLY___ ═
2024-05-14 09:18:33,073 INFO     ___FILE_ONLY___ ═
2024-05-14 09:18:33,074 INFO     ___FILE_ONLY___ ═
2024-05-14 09:18:33,074 INFO     ___FILE_ONLY___ ═
2024-05-14 09:18:33,075 INFO     ___FILE_ONLY___ ═
2024-05-14 09:18:33,076 INFO     ___FILE_ONLY___ ═
2024-05-14 09:18:33,076 INFO     ___FILE_ONLY___ ═
2024-05-14 09:18:33,077 INFO     ___FILE_ONLY___ ═
2024-05-14 09:18:33,852 INFO     ___FILE_ONLY___ ═
2024-05-14 09:18:33,889 INFO     ___FILE_ONLY___ ═
2024-05-14 09:18:33,919 INFO     ___FILE_ONLY___ ═
2024-05-14 09:18:33,949 INFO     ___FILE_ONLY___ ═
2024-05-14 09:18:33,977 INFO     ___FILE_ONLY___ ═
2024-05-14 09:18:34,006 INFO     ___FILE_ONLY___ ═
2024-05-14 09:18:34,029 INFO     ___FILE_ONLY___ ═
2024-05-14 09:18:34,049 INFO     ___FILE_ONLY___ ═
2024-05-14 09:18:34,073 INFO     ___FILE_ONLY___ ═
2024-05-14 09:18:34,095 INFO     ___FILE_ONLY___ ═
2024-05-14 09:18:34,119 INFO     ___FILE_ONLY___ ═
2024-05-14 09:18:34,141 INFO     ___FILE_ONLY___ ═
2024-05-14 09:18:34,174 INFO     ___FILE_ONLY___ ═
2024-05-14 09:18:34,199 INFO     ___FILE_ONLY___ ═
2024-05-14 09:18:34,232 INFO     ___FILE_ONLY___ ═
2024-05-14 09:18:34,261 INFO     ___FILE_ONLY___ ═
2024-05-14 09:18:34,293 INFO     ___FILE_ONLY___ ═
2024-05-14 09:18:34,324 INFO     ___FILE_ONLY___ ═
2024-05-14 09:18:34,346 INFO     ___FILE_ONLY___ ═
2024-05-14 09:18:34,371 INFO     ___FILE_ONLY___ ═
2024-05-14 09:18:34,396 INFO     ___FILE_ONLY___ ═
2024-05-14 09:18:34,420 INFO     ___FILE_ONLY___ ═
2024-05-14 09:18:34,444 INFO     ___FILE_ONLY___ ═
2024-05-14 09:18:34,470 INFO     ___FILE_ONLY___ ═
2024-05-14 09:18:34,493 INFO     ___FILE_ONLY___ ═
2024-05-14 09:18:34,546 INFO     ___FILE_ONLY___ ═
2024-05-14 09:18:34,576 INFO     ___FILE_ONLY___ ═
2024-05-14 09:18:34,604 INFO     ___FILE_ONLY___ ═
2024-05-14 09:18:34,636 INFO     ___FILE_ONLY___ ═
2024-05-14 09:18:34,659 INFO     ___FILE_ONLY___ ═
2024-05-14 09:18:34,659 INFO     ___FILE_ONLY___ ╝

2024-05-14 09:18:34,739 INFO     ___FILE_ONLY___ ╔════════════════════════════════════════════════════════════╗

2024-05-14 09:18:34,739 INFO     ___FILE_ONLY___ ╠═ Installing: Cloud Storage Command Line Tool (Platform... ═╣

2024-05-14 09:18:34,740 INFO     ___FILE_ONLY___ ╚
2024-05-14 09:18:34,743 DEBUG    urllib3.connectionpool Starting new HTTPS connection (1): dl.google.com:443
2024-05-14 09:18:34,802 DEBUG    urllib3.connectionpool https://dl.google.com:443 "GET /dl/cloudsdk/channels/rapid/components/google-cloud-sdk-gsutil-nix-20240106004423.tar.gz HTTP/1.1" 200 2042
2024-05-14 09:18:34,803 INFO     ___FILE_ONLY___ ══════════════════════════════
2024-05-14 09:18:34,804 INFO     ___FILE_ONLY___ ══════════════════════════════
2024-05-14 09:18:34,804 INFO     ___FILE_ONLY___ ╝

2024-05-14 09:18:34,814 INFO     ___FILE_ONLY___ ╔════════════════════════════════════════════════════════════╗

2024-05-14 09:18:34,814 INFO     ___FILE_ONLY___ ╠═ Installing: Default set of gcloud commands               ═╣

2024-05-14 09:18:34,814 INFO     ___FILE_ONLY___ ╚
2024-05-14 09:18:34,820 INFO     ___FILE_ONLY___ ════════════════════════════════════════════════════════════
2024-05-14 09:18:34,820 INFO     ___FILE_ONLY___ ╝

2024-05-14 09:18:34,822 INFO     ___FILE_ONLY___ ╔════════════════════════════════════════════════════════════╗

2024-05-14 09:18:34,822 INFO     ___FILE_ONLY___ ╠═ Installing: Google Cloud CLI Core Libraries (Platform... ═╣

2024-05-14 09:18:34,822 INFO     ___FILE_ONLY___ ╚
2024-05-14 09:18:34,826 DEBUG    urllib3.connectionpool Starting new HTTPS connection (1): dl.google.com:443
2024-05-14 09:18:34,889 DEBUG    urllib3.connectionpool https://dl.google.com:443 "GET /dl/cloudsdk/channels/rapid/components/google-cloud-sdk-core-nix-20240106004423.tar.gz HTTP/1.1" 200 2410
2024-05-14 09:18:34,890 INFO     ___FILE_ONLY___ ══════════════════════════════
2024-05-14 09:18:34,891 INFO     ___FILE_ONLY___ ═══════════════
2024-05-14 09:18:34,891 INFO     ___FILE_ONLY___ ═══════════════
2024-05-14 09:18:34,891 INFO     ___FILE_ONLY___ ╝

2024-05-14 09:18:34,901 INFO     ___FILE_ONLY___ ╔════════════════════════════════════════════════════════════╗

2024-05-14 09:18:34,901 INFO     ___FILE_ONLY___ ╠═ Installing: Google Cloud CRC32C Hash Tool                ═╣

2024-05-14 09:18:34,901 INFO     ___FILE_ONLY___ ╚
2024-05-14 09:18:34,905 DEBUG    urllib3.connectionpool Starting new HTTPS connection (1): dl.google.com:443
2024-05-14 09:18:34,971 DEBUG    urllib3.connectionpool https://dl.google.com:443 "GET /dl/cloudsdk/channels/rapid/components/google-cloud-sdk-gcloud-crc32c-linux-x86_64-20231215195722.tar.gz HTTP/1.1" 200 1287877
2024-05-14 09:18:34,982 INFO     ___FILE_ONLY___ ═
2024-05-14 09:18:34,982 INFO     ___FILE_ONLY___ ═
2024-05-14 09:18:34,982 INFO     ___FILE_ONLY___ ═
2024-05-14 09:18:34,982 INFO     ___FILE_ONLY___ ═
2024-05-14 09:18:34,982 INFO     ___FILE_ONLY___ ═
2024-05-14 09:18:34,983 INFO     ___FILE_ONLY___ ═
2024-05-14 09:18:34,983 INFO     ___FILE_ONLY___ ═
2024-05-14 09:18:34,983 INFO     ___FILE_ONLY___ ═
2024-05-14 09:18:34,983 INFO     ___FILE_ONLY___ ═
2024-05-14 09:18:34,983 INFO     ___FILE_ONLY___ ═
2024-05-14 09:18:34,984 INFO     ___FILE_ONLY___ ═
2024-05-14 09:18:34,984 INFO     ___FILE_ONLY___ ═
2024-05-14 09:18:34,984 INFO     ___FILE_ONLY___ ═
2024-05-14 09:18:34,984 INFO     ___FILE_ONLY___ ═
2024-05-14 09:18:34,984 INFO     ___FILE_ONLY___ ═
2024-05-14 09:18:34,985 INFO     ___FILE_ONLY___ ═
2024-05-14 09:18:34,985 INFO     ___FILE_ONLY___ ═
2024-05-14 09:18:34,985 INFO     ___FILE_ONLY___ ═
2024-05-14 09:18:34,985 INFO     ___FILE_ONLY___ ═
2024-05-14 09:18:34,985 INFO     ___FILE_ONLY___ ═
2024-05-14 09:18:34,986 INFO     ___FILE_ONLY___ ═
2024-05-14 09:18:34,986 INFO     ___FILE_ONLY___ ═
2024-05-14 09:18:34,986 INFO     ___FILE_ONLY___ ═
2024-05-14 09:18:34,986 INFO     ___FILE_ONLY___ ═
2024-05-14 09:18:34,986 INFO     ___FILE_ONLY___ ═
2024-05-14 09:18:34,987 INFO     ___FILE_ONLY___ ═
2024-05-14 09:18:34,987 INFO     ___FILE_ONLY___ ═
2024-05-14 09:18:34,987 INFO     ___FILE_ONLY___ ═
2024-05-14 09:18:34,987 INFO     ___FILE_ONLY___ ═
2024-05-14 09:18:34,987 INFO     ___FILE_ONLY___ ═
2024-05-14 09:18:35,023 INFO     ___FILE_ONLY___ ═══════════════
2024-05-14 09:18:35,023 INFO     ___FILE_ONLY___ ═══════════════
2024-05-14 09:18:35,023 INFO     ___FILE_ONLY___ ╝

2024-05-14 09:18:35,033 INFO     ___FILE_ONLY___ ╔════════════════════════════════════════════════════════════╗

2024-05-14 09:18:35,033 INFO     ___FILE_ONLY___ ╠═ Installing: Google Cloud CRC32C Hash Tool                ═╣

2024-05-14 09:18:35,033 INFO     ___FILE_ONLY___ ╚
2024-05-14 09:18:35,039 INFO     ___FILE_ONLY___ ════════════════════════════════════════════════════════════
2024-05-14 09:18:35,039 INFO     ___FILE_ONLY___ ╝

2024-05-14 09:18:35,041 INFO     ___FILE_ONLY___ ╔════════════════════════════════════════════════════════════╗

2024-05-14 09:18:35,041 INFO     ___FILE_ONLY___ ╠═ Installing: gcloud cli dependencies                      ═╣

2024-05-14 09:18:35,041 INFO     ___FILE_ONLY___ ╚
2024-05-14 09:18:35,045 DEBUG    urllib3.connectionpool Starting new HTTPS connection (1): dl.google.com:443
2024-05-14 09:18:35,108 DEBUG    urllib3.connectionpool https://dl.google.com:443 "GET /dl/cloudsdk/channels/rapid/components/google-cloud-sdk-gcloud-deps-linux-x86_64-20210416153011.tar.gz HTTP/1.1" 200 104
2024-05-14 09:18:35,109 INFO     ___FILE_ONLY___ ══════════════════════════════
2024-05-14 09:18:35,109 INFO     ___FILE_ONLY___ ══════════════════════════════
2024-05-14 09:18:35,109 INFO     ___FILE_ONLY___ ╝

2024-05-14 09:18:35,119 INFO     ___FILE_ONLY___ ╔════════════════════════════════════════════════════════════╗

2024-05-14 09:18:35,119 INFO     ___FILE_ONLY___ ╠═ Creating backup and activating new installation          ═╣

2024-05-14 09:18:35,119 INFO     ___FILE_ONLY___ ╚
2024-05-14 09:18:35,119 DEBUG    root            Attempting to move directory [/tools/google-cloud-sdk] to [/tools/google-cloud-sdk.staging/.install/.backup]
2024-05-14 09:18:35,119 INFO     ___FILE_ONLY___ ══════════════════════════════
2024-05-14 09:18:35,119 DEBUG    root            Attempting to move directory [/tools/google-cloud-sdk.staging] to [/tools/google-cloud-sdk]
2024-05-14 09:18:35,120 INFO     ___FILE_ONLY___ ══════════════════════════════
2024-05-14 09:18:35,120 INFO     ___FILE_ONLY___ ╝

2024-05-14 09:18:35,124 DEBUG    root            Updating notification cache...
2024-05-14 09:18:35,124 INFO     ___FILE_ONLY___ 

2024-05-14 09:18:35,126 INFO     ___FILE_ONLY___ Performing post processing steps...
2024-05-14 09:18:35,126 DEBUG    root            Executing command: ['/tools/google-cloud-sdk/bin/gcloud', 'components', 'post-process']
2024-05-14 09:18:46,126 DEBUG    ___FILE_ONLY___ 
2024-05-14 09:18:46,127 DEBUG    ___FILE_ONLY___ 
2024-05-14 09:18:46,142 INFO     ___FILE_ONLY___ 
Update done!


2024-05-14 09:18:46,146 DEBUG    root            Chosen display Format:none
2024-05-14 09:18:46,146 INFO     root            Display format: "none"
